<?xml version="1.0" encoding="utf-8"?><testsuites name="pytest tests"><testsuite name="pytest" errors="0" failures="0" skipped="0" tests="10" time="1.259" timestamp="2026-05-10T06:58:04.293290+00:00" hostname="agent-env-670e5b9e-7d80-4a11-bd67-46f8e4cc3355"><testcase classname="backend.tests.test_notifications.TestHealth" name="test_root_health" time="0.214" /><testcase classname="backend.tests.test_notifications.TestHealth" name="test_template_status" time="0.049" /><testcase classname="backend.tests.test_notifications.TestValidation" name="test_missing_required_field_returns_422" time="0.050" /><testcase classname="backend.tests.test_notifications.TestValidation" name="test_empty_string_required_field_returns_422" time="0.047" /><testcase classname="backend.tests.test_notifications.TestValidation" name="test_completely_empty_body_returns_422" time="0.048" /><testcase classname="backend.tests.test_notifications.TestGeneration" name="test_generate_returns_docx_with_correct_headers" time="0.121" /><testcase classname="backend.tests.test_notifications.TestGeneration" name="test_generated_docx_contains_all_values" time="0.115" /><testcase classname="backend.tests.test_notifications.TestGeneration" name="test_entidad_reuse_in_page2" time="0.119" /><testcase classname="backend.tests.test_notifications.TestGeneration" name="test_document_structure_preserved" time="0.109" /><testcase classname="backend.tests.test_notifications.TestGeneration" name="test_filename_contains_numero_aviso" time="0.136" /></testsuite></testsuites>